<?xml version="1.0" encoding="UTF-8"?>
<testsuite xmlns:xsi="http://www.w3.org/2001/XMLSchema-instance" xsi:noNamespaceSchemaLocation="https://maven.apache.org/surefire/maven-surefire-plugin/xsd/surefire-test-report-3.0.xsd" version="3.0" name="com.twansoftware.budgetplannerpro.dao.BudgetDAOTest" time="1.825" tests="9" errors="0" skipped="0" failures="0">
  <properties>
[...]
</properties>
  <testcase name="testCursorToObject_veryLargeId" classname="com.twansoftware.budgetplannerpro.dao.BudgetDAOTest" time="1.58"/>
  <testcase name="testCursorToObject_largeIdExceedingMaxInt" classname="com.twansoftware.budgetplannerpro.dao.BudgetDAOTest" time="0.0"/>
  <testcase name="testObjectToContentValues_largeId" classname="com.twansoftware.budgetplannerpro.dao.BudgetDAOTest" time="0.11"/>
  <testcase name="testObjectToContentValues_nullId" classname="com.twansoftware.budgetplannerpro.dao.BudgetDAOTest" time="0.005"/>
  <testcase name="testCursorToObject_zeroId" classname="com.twansoftware.budgetplannerpro.dao.BudgetDAOTest" time="0.015"/>
  <testcase name="testCursorToObject_maxIntId" classname="com.twansoftware.budgetplannerpro.dao.BudgetDAOTest" time="0.0"/>
  <testcase name="testGetIntWouldTruncateLargeId" classname="com.twansoftware.budgetplannerpro.dao.BudgetDAOTest" time="0.0"/>
  <testcase name="testObjectToContentValues_normalId" classname="com.twansoftware.budgetplannerpro.dao.BudgetDAOTest" time="0.005"/>
  <testcase name="testCursorToObject_normalId" classname="com.twansoftware.budgetplannerpro.dao.BudgetDAOTest" time="0.0"/>
</testsuite>